/*C4*/SET SCHEMA PUBLIC
DELETE FROM TRIPS WHERE TRIPID=26
COMMIT
/*C5*/SET SCHEMA PUBLIC
DISCONNECT
/*C4*/DISCONNECT
/*C7*/SET SCHEMA PUBLIC
DISCONNECT
/*C6*/SET SCHEMA PUBLIC
DISCONNECT
/*C10*/SET SCHEMA PUBLIC
DELETE FROM TRIPS WHERE TRIPID=1
DELETE FROM TRIPS WHERE TRIPID=2
DELETE FROM TRIPS WHERE TRIPID=3
DELETE FROM TRIPS WHERE TRIPID=4
DELETE FROM TRIPS WHERE TRIPID=5
DELETE FROM TRIPS WHERE TRIPID=22
DELETE FROM ACTIVITIES WHERE ACTIVITYID=1
DELETE FROM ACTIVITIES WHERE ACTIVITYID=2
DELETE FROM ACTIVITIES WHERE ACTIVITYID=3
DELETE FROM ACTIVITIES WHERE ACTIVITYID=4
DELETE FROM ACTIVITIES WHERE ACTIVITYID=5
DELETE FROM ACTIVITIES WHERE ACTIVITYID=6
DELETE FROM ACTIVITIES WHERE ACTIVITYID=7
DELETE FROM ACTIVITIES WHERE ACTIVITYID=8
DELETE FROM ACTIVITIES WHERE ACTIVITYID=9
DELETE FROM ACTIVITIES WHERE ACTIVITYID=10
DELETE FROM ACTIVITIES WHERE ACTIVITYID=11
DELETE FROM ACTIVITIES WHERE ACTIVITYID=12
DELETE FROM ACTIVITIES WHERE ACTIVITYID=13
DELETE FROM ACTIVITIES WHERE ACTIVITYID=14
DELETE FROM ACTIVITIES WHERE ACTIVITYID=15
DELETE FROM ACTIVITIES WHERE ACTIVITYID=16
DELETE FROM ACTIVITIES WHERE ACTIVITYID=17
DELETE FROM ACTIVITIES WHERE ACTIVITYID=18
DELETE FROM ACTIVITIES WHERE ACTIVITYID=19
DELETE FROM ACTIVITIES WHERE ACTIVITYID=20
DELETE FROM ACTIVITIES WHERE ACTIVITYID=21
DELETE FROM ACTIVITIES WHERE ACTIVITYID=23
DELETE FROM ACTIVITIES WHERE ACTIVITYID=27
DELETE FROM ACTIVITIES WHERE ACTIVITYID=30
DELETE FROM ACTIVITIES WHERE ACTIVITYID=31
COMMIT
INSERT INTO TRIPS VALUES(27,'New York, USA','14-01-2025','20-01-2025',2500.00,'Exploring NYC, food tour and Times Square')
COMMIT
INSERT INTO TRIPS VALUES(28,'Chania, Crete, Greece','18-09-2025','28-09-2025',2000.00,'Chilling on the beach, visit Samaria Gorge.')
COMMIT
INSERT INTO TRIPS VALUES(29,'Santorini, Greece','15-09-2025','18-09-2025',1500.00,'Sunset views, volcano tour, and buggy adventure.')
COMMIT
INSERT INTO TRIPS VALUES(30,'Bali, Indonesia','06-06-2025','17-06-2025',2700.00,'Temple visits, rice terraces, and scuba diving.')
COMMIT
INSERT INTO TRIPS VALUES(31,'Krakow, Poland','20-12-2025','02-01-2026',1500.00,'Exploring old town, Auschwitz tour, and visit home.')
COMMIT
DELETE FROM TRIPS WHERE TRIPID=27
DELETE FROM TRIPS WHERE TRIPID=28
DELETE FROM TRIPS WHERE TRIPID=29
DELETE FROM TRIPS WHERE TRIPID=30
DELETE FROM TRIPS WHERE TRIPID=31
COMMIT
INSERT INTO TRIPS VALUES(32,'New York, USA','14-01-2025','20-01-2025',2500.00,'Exploring NYC, food tour and Times Square')
COMMIT
INSERT INTO TRIPS VALUES(33,'Chania, Crete, Greece','18-09-2025','28-09-2025',2000.00,'Chilling on the beach, visit Samaria Gorge.')
COMMIT
INSERT INTO TRIPS VALUES(34,'Santorini, Greece','15-09-2025','18-09-2025',1500.00,'Sunset views, volcano tour, and buggy adventure.')
COMMIT
INSERT INTO TRIPS VALUES(35,'Bali, Indonesia','06-06-2025','17-06-2025',2700.00,'Temple visits, rice terraces, and scuba diving.')
COMMIT
INSERT INTO TRIPS VALUES(36,'Krakow, Poland','20-12-2025','02-01-2026',1500.00,'Exploring old town, Auschwitz tour, and visit home.')
COMMIT
INSERT INTO TRIPS VALUES(37,'New York, USA','14-01-2025','20-01-2025',2500.00,'Exploring NYC, food tour and Times Square')
COMMIT
INSERT INTO TRIPS VALUES(38,'Chania, Crete, Greece','18-09-2025','28-09-2025',2000.00,'Chilling on the beach, visit Samaria Gorge.')
COMMIT
INSERT INTO TRIPS VALUES(39,'Santorini, Greece','15-09-2025','18-09-2025',1500.00,'Sunset views, volcano tour, and buggy adventure.')
COMMIT
INSERT INTO TRIPS VALUES(40,'Bali, Indonesia','06-06-2025','17-06-2025',2700.00,'Temple visits, rice terraces, and scuba diving.')
COMMIT
INSERT INTO TRIPS VALUES(41,'Krakow, Poland','20-12-2025','02-01-2026',1500.00,'Exploring old town, Auschwitz tour, and visit home.')
COMMIT
INSERT INTO TRIPS VALUES(42,'New York, USA','14-01-2025','20-01-2025',2500.00,'Exploring NYC, food tour and Times Square')
COMMIT
INSERT INTO TRIPS VALUES(43,'Chania, Crete, Greece','18-09-2025','28-09-2025',2000.00,'Chilling on the beach, visit Samaria Gorge.')
COMMIT
INSERT INTO TRIPS VALUES(44,'Santorini, Greece','15-09-2025','18-09-2025',1500.00,'Sunset views, volcano tour, and buggy adventure.')
COMMIT
INSERT INTO TRIPS VALUES(45,'Bali, Indonesia','06-06-2025','17-06-2025',2700.00,'Temple visits, rice terraces, and scuba diving.')
COMMIT
INSERT INTO TRIPS VALUES(46,'Krakow, Poland','20-12-2025','02-01-2026',1500.00,'Exploring old town, Auschwitz tour, and visit home.')
COMMIT
DELETE FROM TRIPS WHERE TRIPID=32
DELETE FROM TRIPS WHERE TRIPID=33
DELETE FROM TRIPS WHERE TRIPID=34
DELETE FROM TRIPS WHERE TRIPID=35
DELETE FROM TRIPS WHERE TRIPID=36
DELETE FROM TRIPS WHERE TRIPID=37
DELETE FROM TRIPS WHERE TRIPID=38
DELETE FROM TRIPS WHERE TRIPID=39
DELETE FROM TRIPS WHERE TRIPID=40
DELETE FROM TRIPS WHERE TRIPID=41
DELETE FROM TRIPS WHERE TRIPID=42
DELETE FROM TRIPS WHERE TRIPID=43
DELETE FROM TRIPS WHERE TRIPID=44
DELETE FROM TRIPS WHERE TRIPID=45
DELETE FROM TRIPS WHERE TRIPID=46
COMMIT
INSERT INTO TRIPS VALUES(47,'New York, USA','14-01-2025','20-01-2025',2500.00,'Exploring NYC, food tour and Times Square')
COMMIT
INSERT INTO TRIPS VALUES(48,'Chania, Crete, Greece','18-09-2025','28-09-2025',2000.00,'Chilling on the beach, visit Samaria Gorge.')
COMMIT
INSERT INTO TRIPS VALUES(49,'Santorini, Greece','15-09-2025','18-09-2025',1500.00,'Sunset views, volcano tour, and buggy adventure.')
COMMIT
INSERT INTO TRIPS VALUES(50,'Bali, Indonesia','06-06-2025','17-06-2025',2700.00,'Temple visits, rice terraces, and scuba diving.')
COMMIT
INSERT INTO TRIPS VALUES(51,'Krakow, Poland','20-12-2025','02-01-2026',1500.00,'Exploring old town, Auschwitz tour, and visit home.')
COMMIT
DELETE FROM TRIPS WHERE TRIPID=47
DELETE FROM TRIPS WHERE TRIPID=48
DELETE FROM TRIPS WHERE TRIPID=49
DELETE FROM TRIPS WHERE TRIPID=50
DELETE FROM TRIPS WHERE TRIPID=51
COMMIT
INSERT INTO TRIPS VALUES(52,'New York, USA','14-01-2025','20-01-2025',2500.00,'Exploring NYC, food tour and Times Square')
COMMIT
INSERT INTO TRIPS VALUES(53,'Chania, Crete, Greece','18-09-2025','28-09-2025',2000.00,'Chilling on the beach, visit Samaria Gorge.')
COMMIT
INSERT INTO TRIPS VALUES(54,'Santorini, Greece','15-09-2025','18-09-2025',1500.00,'Sunset views, volcano tour, and buggy adventure.')
COMMIT
INSERT INTO TRIPS VALUES(55,'Bali, Indonesia','06-06-2025','17-06-2025',2700.00,'Temple visits, rice terraces, and scuba diving.')
COMMIT
INSERT INTO TRIPS VALUES(56,'Krakow, Poland','20-12-2025','02-01-2026',1500.00,'Exploring old town, Auschwitz tour, and visit home.')
COMMIT
/*C12*/SET SCHEMA PUBLIC
INSERT INTO TRIPS VALUES(57,'test','','',2.00,'test, test, test')
COMMIT
/*C13*/SET SCHEMA PUBLIC
INSERT INTO ACTIVITIES VALUES(32,57,'test','','test',1.00)
COMMIT
/*C12*/INSERT INTO TRIPS VALUES(58,'test2','10/10/2025','10/10/2025',2.00,'n/a')
COMMIT
/*C13*/DELETE FROM ACTIVITIES WHERE ACTIVITYID=32
INSERT INTO ACTIVITIES VALUES(32,57,'test','','test',1.00)
COMMIT
DELETE FROM ACTIVITIES WHERE ACTIVITYID=32
INSERT INTO ACTIVITIES VALUES(32,57,'hello worlds','','test',1.00)
COMMIT
DELETE FROM ACTIVITIES WHERE ACTIVITYID=32
INSERT INTO ACTIVITIES VALUES(32,57,'hello worlds','','test',1.00)
COMMIT
DELETE FROM ACTIVITIES WHERE ACTIVITYID=32
INSERT INTO ACTIVITIES VALUES(32,57,'hello worlds','','updated',1.00)
COMMIT
DELETE FROM ACTIVITIES WHERE ACTIVITYID=32
INSERT INTO ACTIVITIES VALUES(32,57,'hellofff','','updated',1.00)
COMMIT
DISCONNECT
/*C11*/SET SCHEMA PUBLIC
DISCONNECT
/*C8*/SET SCHEMA PUBLIC
DISCONNECT
/*C9*/SET SCHEMA PUBLIC
DISCONNECT
/*C12*/DISCONNECT
/*C10*/DISCONNECT
/*C14*/SET SCHEMA PUBLIC
DROP TABLE IF EXISTS activities
DROP TABLE IF EXISTS trips
CREATE TABLE IF NOT EXISTS trips (\u000a\u0009tripId INTEGER GENERATED BY DEFAULT AS IDENTITY PRIMARY KEY, \u000a\u0009destination VARCHAR(100), \u000a\u0009startDate DATE, \u000a\u0009endDate DATE, \u000a\u0009budget DECIMAL(10,2),\u000a\u0009notes VARCHAR(255)\u000a)
CREATE TABLE IF NOT EXISTS activities (\u000a    activityId INTEGER GENERATED BY DEFAULT AS IDENTITY PRIMARY KEY, \u000a    tripId INTEGER NOT NULL,\u000a    name VARCHAR(100) NOT NULL, \u000a    activityDate DATE NOT NULL, \u000a    location VARCHAR(100) NOT NULL, \u000a    cost DECIMAL(10,2) DEFAULT 0.00,\u000a    FOREIGN KEY (tripId) REFERENCES trips(tripId) ON DELETE CASCADE\u000a)
/*C16*/SET SCHEMA PUBLIC
DISCONNECT
/*C15*/SET SCHEMA PUBLIC
DISCONNECT
/*C17*/SET SCHEMA PUBLIC
DISCONNECT
/*C18*/SET SCHEMA PUBLIC
DISCONNECT
/*C14*/DROP TABLE IF EXISTS activities
DROP TABLE IF EXISTS trips
CREATE TABLE IF NOT EXISTS trips (\u000a\u0009tripId INTEGER GENERATED BY DEFAULT AS IDENTITY PRIMARY KEY, \u000a\u0009destination VARCHAR(100), \u000a\u0009startDate VARCHAR(100), \u000a\u0009endDate VARCHAR(100), \u000a\u0009budget DECIMAL(10,2),\u000a\u0009notes VARCHAR(255)\u000a)
CREATE TABLE IF NOT EXISTS activities (\u000a    activityId INTEGER GENERATED BY DEFAULT AS IDENTITY PRIMARY KEY, \u000a    tripId INTEGER NOT NULL,\u000a    name VARCHAR(100), \u000a    activityDate VARCHAR(100), \u000a    location VARCHAR(100), \u000a    cost DECIMAL(10,2) DEFAULT 0.00,\u000a    FOREIGN KEY (tripId) REFERENCES trips(tripId) ON DELETE CASCADE\u000a)
/*C20*/SET SCHEMA PUBLIC
DISCONNECT
/*C19*/SET SCHEMA PUBLIC
DISCONNECT
/*C21*/SET SCHEMA PUBLIC
INSERT INTO TRIPS VALUES(0,'New York, USA','14/01/2025','20/01/2025',2500.00,'Exploring NYC, food tour and Times Square')
COMMIT
INSERT INTO TRIPS VALUES(1,'Chania, Crete, Greece','18/09/2025','28/09/2025',2000.00,'Chilling on the beach, visit Samaria Gorge.')
COMMIT
INSERT INTO TRIPS VALUES(2,'Santorini, Greece','15/09/2025','18/09/2025',1500.00,'Sunset views, volcano tour, and buggy adventure.')
COMMIT
INSERT INTO TRIPS VALUES(3,'Bali, Indonesia','06/06/2025','17/06/2025',2700.00,'Temple visits, rice terraces, and scuba diving.')
COMMIT
INSERT INTO TRIPS VALUES(4,'Krakow, Poland','20/12/2025','02/01/2026',1500.00,'Exploring old town, Auschwitz tour, and visit home.')
COMMIT
/*C22*/SET SCHEMA PUBLIC
INSERT INTO ACTIVITIES VALUES(0,1,'Visit Statue of Liberty and Ellis Island','10/06/2025','New York, USA',59.95)
COMMIT
INSERT INTO ACTIVITIES VALUES(1,1,'Visit Times Square','11/06/2025','Manhattan, New York, USA',0.00)
COMMIT
INSERT INTO ACTIVITIES VALUES(2,1,'Visit Rockefeller Center','06/12/2025','45 Rockefeller Plaza, New York, USA',25.00)
COMMIT
INSERT INTO ACTIVITIES VALUES(3,2,'Visit Samaria Gorge','19/09/2025','Sfakia, Crete, Greece',45.00)
COMMIT
INSERT INTO ACTIVITIES VALUES(4,2,'Visit Sainta Limania','20/09/2025','Chania, Crete, Greece',15.00)
COMMIT
INSERT INTO ACTIVITIES VALUES(5,2,'Visit Balos','21/09/2025','Balos, Crete, Greece',30.00)
COMMIT
INSERT INTO ACTIVITIES VALUES(6,2,'Visit Elafonisi','22/09/2025','Inachori, Crete, Greece',40.00)
COMMIT
INSERT INTO ACTIVITIES VALUES(7,2,'Visit Fallasarna','23/09/2025','Kissamos, Crete, Greece',40.00)
COMMIT
INSERT INTO ACTIVITIES VALUES(8,3,'Visit Oia','15/09/2025','Oia, Santorini, Greece',0.00)
COMMIT
INSERT INTO ACTIVITIES VALUES(9,3,'Visit Thera','16/09/2025','Thera, Santorini, Greece',0.00)
COMMIT
INSERT INTO ACTIVITIES VALUES(10,3,'Visit Red Beach','17/09/2025','Red Beach, Santorini, Greece',0.00)
COMMIT
INSERT INTO ACTIVITIES VALUES(11,3,'Visit White Beach','17/09/2025','Aspri, Santorini, Greece',0.00)
COMMIT
INSERT INTO ACTIVITIES VALUES(12,3,'Do Buggie Adventure','16/09/2025','Santorini, Greece',160.00)
COMMIT
INSERT INTO ACTIVITIES VALUES(13,4,'Explore Ubud Monkey Forest','10/06/2025','Ubud, Bali, Indonesia',10.00)
COMMIT
INSERT INTO ACTIVITIES VALUES(14,4,'Visit Tanah Lot Temple','11/06/2025','Berban, Kediri, Bali, Indonesia',6.00)
COMMIT
INSERT INTO ACTIVITIES VALUES(15,4,'Experience Bali Swing','12/06/2025','Bongkasa Pertiwi, Kabupaten Badung, Bali, Indonesia',60.00)
COMMIT
/*C14*/DROP TABLE IF EXISTS activities
DROP TABLE IF EXISTS trips
CREATE TABLE IF NOT EXISTS trips (\u000a    tripId INTEGER GENERATED BY DEFAULT AS IDENTITY (START WITH 1, INCREMENT BY 1) PRIMARY KEY, \u000a    destination VARCHAR(100), \u000a    startDate VARCHAR(100), \u000a    endDate VARCHAR(100), \u000a    budget DECIMAL(10,2),\u000a    notes VARCHAR(255)\u000a)
CREATE TABLE IF NOT EXISTS activities (\u000a    activityId INTEGER GENERATED BY DEFAULT AS IDENTITY (START WITH 1, INCREMENT BY 1) PRIMARY KEY, \u000a    tripId INTEGER NOT NULL,\u000a    name VARCHAR(100), \u000a    activityDate VARCHAR(100), \u000a    location VARCHAR(100), \u000a    cost DECIMAL(10,2) DEFAULT 0.00,\u000a    FOREIGN KEY (tripId) REFERENCES trips(tripId) ON DELETE CASCADE\u000a)
/*C21*/DISCONNECT
/*C22*/DISCONNECT
/*C23*/SET SCHEMA PUBLIC
INSERT INTO TRIPS VALUES(1,'New York, USA','14/01/2025','20/01/2025',2500.00,'Exploring NYC, food tour and Times Square')
COMMIT
INSERT INTO TRIPS VALUES(2,'Chania, Crete, Greece','18/09/2025','28/09/2025',2000.00,'Chilling on the beach, visit Samaria Gorge.')
COMMIT
INSERT INTO TRIPS VALUES(3,'Santorini, Greece','15/09/2025','18/09/2025',1500.00,'Sunset views, volcano tour, and buggy adventure.')
COMMIT
INSERT INTO TRIPS VALUES(4,'Bali, Indonesia','06/06/2025','17/06/2025',2700.00,'Temple visits, rice terraces, and scuba diving.')
COMMIT
INSERT INTO TRIPS VALUES(5,'Krakow, Poland','20/12/2025','02/01/2026',1500.00,'Exploring old town, Auschwitz tour, and visit home.')
COMMIT
/*C24*/SET SCHEMA PUBLIC
INSERT INTO ACTIVITIES VALUES(1,1,'Visit Statue of Liberty and Ellis Island','10/06/2025','New York, USA',59.95)
COMMIT
INSERT INTO ACTIVITIES VALUES(2,1,'Visit Times Square','11/06/2025','Manhattan, New York, USA',0.00)
COMMIT
INSERT INTO ACTIVITIES VALUES(3,1,'Visit Rockefeller Center','06/12/2025','45 Rockefeller Plaza, New York, USA',25.00)
COMMIT
INSERT INTO ACTIVITIES VALUES(4,2,'Visit Samaria Gorge','19/09/2025','Sfakia, Crete, Greece',45.00)
COMMIT
INSERT INTO ACTIVITIES VALUES(5,2,'Visit Sainta Limania','20/09/2025','Chania, Crete, Greece',15.00)
COMMIT
INSERT INTO ACTIVITIES VALUES(6,2,'Visit Balos','21/09/2025','Balos, Crete, Greece',30.00)
COMMIT
INSERT INTO ACTIVITIES VALUES(7,2,'Visit Elafonisi','22/09/2025','Inachori, Crete, Greece',40.00)
COMMIT
INSERT INTO ACTIVITIES VALUES(8,2,'Visit Fallasarna','23/09/2025','Kissamos, Crete, Greece',40.00)
COMMIT
INSERT INTO ACTIVITIES VALUES(9,3,'Visit Oia','15/09/2025','Oia, Santorini, Greece',0.00)
COMMIT
INSERT INTO ACTIVITIES VALUES(10,3,'Visit Thera','16/09/2025','Thera, Santorini, Greece',0.00)
COMMIT
INSERT INTO ACTIVITIES VALUES(11,3,'Visit Red Beach','17/09/2025','Red Beach, Santorini, Greece',0.00)
COMMIT
INSERT INTO ACTIVITIES VALUES(12,3,'Visit White Beach','17/09/2025','Aspri, Santorini, Greece',0.00)
COMMIT
INSERT INTO ACTIVITIES VALUES(13,3,'Do Buggie Adventure','16/09/2025','Santorini, Greece',160.00)
COMMIT
INSERT INTO ACTIVITIES VALUES(14,4,'Explore Ubud Monkey Forest','10/06/2025','Ubud, Bali, Indonesia',10.00)
COMMIT
INSERT INTO ACTIVITIES VALUES(15,4,'Visit Tanah Lot Temple','11/06/2025','Berban, Kediri, Bali, Indonesia',6.00)
COMMIT
INSERT INTO ACTIVITIES VALUES(16,4,'Experience Bali Swing','12/06/2025','Bongkasa Pertiwi, Kabupaten Badung, Bali, Indonesia',60.00)
COMMIT
INSERT INTO ACTIVITIES VALUES(17,5,'Visit Main Square','21/12/2025','Krakow, Poland',0.00)
COMMIT
INSERT INTO ACTIVITIES VALUES(18,5,'Visit Auschwitz','22/12/2025','Oswiecim, Poland',80.00)
COMMIT
INSERT INTO ACTIVITIES VALUES(19,5,'Visit Salt Mine','23/12/2025','Wieliczka, Poland',50.00)
COMMIT
INSERT INTO ACTIVITIES VALUES(20,5,'Go Shopping (Galeria Krakowska & Bonarka','21/12/2025','Krakow, Poland',800.00)
COMMIT
INSERT INTO ACTIVITIES VALUES(21,5,'Go Home (Muszyna)','23/12/2025','Muszyna, Poland',35.00)
COMMIT
DELETE FROM ACTIVITIES WHERE ACTIVITYID=14
INSERT INTO ACTIVITIES VALUES(14,4,'Explore Ubud Monkey Forest','10/06/2025','Ubud, Bali, Indonesia',20.00)
COMMIT
DELETE FROM ACTIVITIES WHERE ACTIVITYID=3
INSERT INTO ACTIVITIES VALUES(3,1,'Visit Rockefeller Center','06/12/2025','45 Rockefeller Plaza, New York, USA',30.00)
COMMIT
/*C23*/DELETE FROM TRIPS WHERE TRIPID=4
INSERT INTO TRIPS VALUES(4,'Bali, Indonesia','06/06/2025','17/06/2025',2750.00,'Temple visits, rice terraces, and scuba diving.')
COMMIT
DISCONNECT
/*C24*/DISCONNECT
/*C26*/SET SCHEMA PUBLIC
DELETE FROM ACTIVITIES WHERE ACTIVITYID=14
INSERT INTO ACTIVITIES VALUES(14,4,'Explore Ubud Monkey Forest','10/06/2025','Ubud, Bali, Indonesia',25.00)
COMMIT
/*C25*/SET SCHEMA PUBLIC
INSERT INTO TRIPS VALUES(6,'Test ','20/02/2025','25/02/2025',250.00,'Test')
COMMIT
/*C26*/INSERT INTO ACTIVITIES VALUES(22,2,'test','','test',NULL)
COMMIT
DELETE FROM ACTIVITIES WHERE ACTIVITYID=15
INSERT INTO ACTIVITIES VALUES(15,4,'Visit Tanah Lot Temple','11/06/2025','Berban, Kediri, Bali, Indonesia',12.06)
COMMIT
/*C25*/DELETE FROM TRIPS WHERE TRIPID=4
INSERT INTO TRIPS VALUES(4,'Bali, Indonesia','06/06/2025','17/06/2025',2754.00,'Temple visits, rice terraces, and scuba diving.')
COMMIT
/*C26*/DELETE FROM ACTIVITIES WHERE ACTIVITYID=14
INSERT INTO ACTIVITIES VALUES(14,4,'Explore Ubud Monkey Forest','','Ubud, Bali, Indonesia',23.00)
COMMIT
DELETE FROM ACTIVITIES WHERE ACTIVITYID=15
INSERT INTO ACTIVITIES VALUES(15,4,'Visit Tanah Lot Temple','','Berban, Kediri, Bali, Indonesia',14.00)
COMMIT
DELETE FROM ACTIVITIES WHERE ACTIVITYID=16
INSERT INTO ACTIVITIES VALUES(16,4,'Experience Bali Swing','12/06/2025','Bongkasa Pertiwi, Kabupaten Badung, Bali, Indonesia',62.00)
COMMIT
DELETE FROM ACTIVITIES WHERE ACTIVITYID=14
INSERT INTO ACTIVITIES VALUES(14,4,'Explore Ubud Monkey Forest','07.06.2025','Ubud, Bali, Indonesia',23.00)
COMMIT
DELETE FROM ACTIVITIES WHERE ACTIVITYID=15
INSERT INTO ACTIVITIES VALUES(15,4,'Visit Tanah Lot Temple','10.06.2025','Berban, Kediri, Bali, Indonesia',14.00)
COMMIT
DELETE FROM ACTIVITIES WHERE ACTIVITYID=14
INSERT INTO ACTIVITIES VALUES(14,4,'Explore Ubud Monkey Forest','07/06/2025','Ubud, Bali, Indonesia',23.00)
COMMIT
DELETE FROM ACTIVITIES WHERE ACTIVITYID=15
INSERT INTO ACTIVITIES VALUES(15,4,'Visit Tanah Lot Temple','10/06/2025','Berban, Kediri, Bali, Indonesia',14.00)
COMMIT
DELETE FROM ACTIVITIES WHERE ACTIVITYID=14
INSERT INTO ACTIVITIES VALUES(14,4,'Explore Ubud Monkey Forest','08.06-2025','Ubud, Bali, Indonesia',23.00)
COMMIT
/*C25*/INSERT INTO TRIPS VALUES(7,'Test','15/03/2025','25/03/2025',NULL,'')
COMMIT
DELETE FROM TRIPS WHERE TRIPID=1
INSERT INTO TRIPS VALUES(1,'New York, USA','13/01/2025','20/01/2025',2500.00,'Exploring NYC, food tour and Times Square')
COMMIT
DELETE FROM TRIPS WHERE TRIPID=1
INSERT INTO TRIPS VALUES(1,'New York, USA','14/01/2025','20/01/2025',2500.00,'Exploring NYC, food tour and Times Square')
COMMIT
/*C26*/DELETE FROM ACTIVITIES WHERE ACTIVITYID=1
INSERT INTO ACTIVITIES VALUES(1,1,'Visit Statue of Liberty and Ellis Island','09/06/2025','New York, USA',59.95)
COMMIT
DELETE FROM ACTIVITIES WHERE ACTIVITYID=3
INSERT INTO ACTIVITIES VALUES(3,1,'Visit Rockefeller Center','12/01/2025','45 Rockefeller Plaza, New York, USA',30.00)
COMMIT
DELETE FROM ACTIVITIES WHERE ACTIVITYID=1
INSERT INTO ACTIVITIES VALUES(1,1,'Visit Statue of Liberty and Ellis Island','13/01/2025','New York, USA',59.95)
COMMIT
DELETE FROM ACTIVITIES WHERE ACTIVITYID=2
INSERT INTO ACTIVITIES VALUES(2,1,'Visit Times Square','15/01/2025','Manhattan, New York, USA',0.00)
COMMIT
/*C27*/SET SCHEMA PUBLIC
DELETE FROM TRIPS WHERE TRIPID=6
INSERT INTO TRIPS VALUES(6,'Test ','20/02/2025','25/02/2025',250.00,'Test')
COMMIT
/*C28*/SET SCHEMA PUBLIC
DELETE FROM ACTIVITIES WHERE ACTIVITYID=10
INSERT INTO ACTIVITIES VALUES(10,3,'Visit Thera','15/09/2025','Thera, Santorini, Greece',0.00)
COMMIT
/*C27*/INSERT INTO TRIPS VALUES(8,'Test2','29/03/2025','31/03/2025',0.00,'Test2')
COMMIT
DELETE FROM TRIPS WHERE TRIPID=6
COMMIT
DELETE FROM TRIPS WHERE TRIPID=7
INSERT INTO TRIPS VALUES(7,'Go Somewhere','15/03/2025','25/03/2025',300.00,'Hello World')
COMMIT
/*C28*/DELETE FROM ACTIVITIES WHERE ACTIVITYID=5
INSERT INTO ACTIVITIES VALUES(5,2,'Visit Sainta Limania','20/09/2025','Chania, Crete, Greece',19.00)
COMMIT
DELETE FROM ACTIVITIES WHERE ACTIVITYID=22
INSERT INTO ACTIVITIES VALUES(22,2,'test','TBC','test',4.00)
COMMIT
DELETE FROM ACTIVITIES WHERE ACTIVITYID=22
INSERT INTO ACTIVITIES VALUES(22,2,'Test Input','TBC','Test',4.00)
COMMIT
DELETE FROM ACTIVITIES WHERE ACTIVITYID=14
INSERT INTO ACTIVITIES VALUES(14,4,'Explore Ubud Monkey Forest','08/06/2025','Ubud, Bali, Indonesia',23.00)
COMMIT
DELETE FROM ACTIVITIES WHERE ACTIVITYID=13
INSERT INTO ACTIVITIES VALUES(13,3,'Do Buggie Adventure','17/09/2025','Santorini, Greece',160.00)
COMMIT
DELETE FROM ACTIVITIES WHERE ACTIVITYID=22
INSERT INTO ACTIVITIES VALUES(22,2,'Test Input','20/09/2025','Test',12.00)
COMMIT
DELETE FROM ACTIVITIES WHERE ACTIVITYID=22
INSERT INTO ACTIVITIES VALUES(22,2,'Test','20/09/2025','Test',12.00)
COMMIT
DELETE FROM ACTIVITIES WHERE ACTIVITYID=22
INSERT INTO ACTIVITIES VALUES(22,2,'test2','20/09/2025','Test',12.00)
COMMIT
DELETE FROM ACTIVITIES WHERE ACTIVITYID=22
INSERT INTO ACTIVITIES VALUES(22,2,'test','20/09/2025','Test',12.00)
COMMIT
DELETE FROM ACTIVITIES WHERE ACTIVITYID=22
INSERT INTO ACTIVITIES VALUES(22,2,'test2','20/09/2025','Test',12.00)
COMMIT
/*C27*/INSERT INTO TRIPS VALUES(9,'Survive Final Year','01/09/2024','08/05/2025',0.00,'Complete all assignments, projects and exams')
COMMIT
/*C28*/INSERT INTO ACTIVITIES VALUES(23,9,'Finish All Projects','','TUS',99999999.00)
COMMIT
DELETE FROM ACTIVITIES WHERE ACTIVITYID=23
INSERT INTO ACTIVITIES VALUES(23,9,'Finish All Projects','TBC','TUS',9999.00)
COMMIT
INSERT INTO ACTIVITIES VALUES(25,9,'Finish Final Year Project','','TUS',99999999.99)
COMMIT
INSERT INTO ACTIVITIES VALUES(26,9,'Pass All Exams','08/05/2025','TUS',99999999.00)
COMMIT
DELETE FROM ACTIVITIES WHERE ACTIVITYID=23
INSERT INTO ACTIVITIES VALUES(23,9,'Finish All Projects','15/04/2025','TUS',9999.00)
COMMIT
DELETE FROM ACTIVITIES WHERE ACTIVITYID=25
INSERT INTO ACTIVITIES VALUES(25,9,'Finish Final Year Project','11/04/2025','TUS',99999999.99)
COMMIT
/*C27*/DISCONNECT
/*C28*/DISCONNECT
/*C25*/DISCONNECT
/*C26*/DISCONNECT
/*C30*/SET SCHEMA PUBLIC
DELETE FROM ACTIVITIES WHERE ACTIVITYID=23
INSERT INTO ACTIVITIES VALUES(23,9,'Finish All Projects','15/04/2025','TUS',99999999.00)
COMMIT
DELETE FROM ACTIVITIES WHERE ACTIVITYID=25
INSERT INTO ACTIVITIES VALUES(25,9,'Finish Final Year Project','11/04/2025','TUS',99999999.00)
COMMIT
DELETE FROM ACTIVITIES WHERE ACTIVITYID=25
INSERT INTO ACTIVITIES VALUES(25,9,'Finish Final Year Project','11/04/2025','TUS',99999999.90)
COMMIT
DELETE FROM ACTIVITIES WHERE ACTIVITYID=26
INSERT INTO ACTIVITIES VALUES(26,9,'Pass All Exams','08/05/2025','TUS',99999999.99)
COMMIT
/*C32*/SET SCHEMA PUBLIC
INSERT INTO ACTIVITIES VALUES(27,1,'test','','',NULL)
COMMIT
DELETE FROM ACTIVITIES WHERE ACTIVITYID=27
COMMIT
/*C31*/SET SCHEMA PUBLIC
INSERT INTO TRIPS VALUES(10,'test1','TBC','TBC',NULL,'')
COMMIT
DELETE FROM TRIPS WHERE TRIPID=10
COMMIT
/*C29*/SET SCHEMA PUBLIC
DISCONNECT
/*C32*/DISCONNECT
/*C30*/DISCONNECT
/*C31*/DISCONNECT
/*C33*/SET SCHEMA PUBLIC
DELETE FROM TRIPS WHERE TRIPID=8
INSERT INTO TRIPS VALUES(8,'Test2','29/03/2025','31/03/2025',0.00,'Test2Test2Test2 Test2Test2Test2 Test2 Test2 vTest2Test2 Test2Test2Test2 Test2Test2Test2Test2 Test2Test2 Test2Test2')
COMMIT
DELETE FROM TRIPS WHERE TRIPID=8
INSERT INTO TRIPS VALUES(8,'Test2','29/03/2025','31/03/2025',0.00,'Test2Test2Test2 Test2Test2Test2 Test2 ')
COMMIT
/*C34*/SET SCHEMA PUBLIC
DELETE FROM TRIPS WHERE TRIPID=8
INSERT INTO TRIPS VALUES(8,'Test2','28/03/2025','29/03/2025',1.00,'Test2Test2Test2 Test2Test2Test2 Test2 ')
COMMIT
/*C35*/SET SCHEMA PUBLIC
INSERT INTO ACTIVITIES VALUES(28,8,'test2','','',NULL)
COMMIT
INSERT INTO ACTIVITIES VALUES(29,8,'test','','',NULL)
COMMIT
INSERT INTO ACTIVITIES VALUES(30,7,'test','','test',NULL)
COMMIT
INSERT INTO ACTIVITIES VALUES(31,7,'test2','','test2',NULL)
COMMIT
/*C34*/DELETE FROM TRIPS WHERE TRIPID=7
INSERT INTO TRIPS VALUES(7,'Los Angeles, USA','15/03/2025','25/03/2025',3000.00,'Hello World - Test')
COMMIT
DELETE FROM TRIPS WHERE TRIPID=8
INSERT INTO TRIPS VALUES(8,'Muszyna, Poland','28/03/2025','29/03/2025',1.00,'Test2Test2Test2 Test2Test2Test2 Test2 ')
COMMIT
DELETE FROM TRIPS WHERE TRIPID=8
INSERT INTO TRIPS VALUES(8,'Paris, France','28/03/2025','29/03/2025',1.00,'Test2Test2Test2 Test2Test2Test2 Test2 ')
COMMIT
INSERT INTO TRIPS VALUES(11,'Ho Chi Minh','01/07/2025','25/08/2025',4500.00,'Culture, street food, ancient town')
COMMIT
/*C35*/INSERT INTO ACTIVITIES VALUES(32,11,'Walk Around City','04/07/2025','Ho Chi Minh City, Vietnam',50.00)
COMMIT
INSERT INTO ACTIVITIES VALUES(33,11,'discover-country','10/07/2025','Hanoi, Vietnam',150.00)
COMMIT
INSERT INTO ACTIVITIES VALUES(34,11,'Discover Country','01/08/2025','Lan Ha Bay, Vietnam',250.00)
COMMIT
DELETE FROM ACTIVITIES WHERE ACTIVITYID=33
INSERT INTO ACTIVITIES VALUES(33,11,'Discover City','10/07/2025','Hanoi, Vietnam',150.00)
COMMIT
INSERT INTO ACTIVITIES VALUES(35,11,'Visit Golden Bridge','08/08/2025','Da Nang, Vietnam',450.00)
COMMIT
DELETE FROM ACTIVITIES WHERE ACTIVITYID=34
INSERT INTO ACTIVITIES VALUES(34,11,'Discover Country','01/08/2025','Lan Ha Bay, Vietnam',950.00)
COMMIT
INSERT INTO ACTIVITIES VALUES(36,11,'test','','',NULL)
COMMIT
DELETE FROM ACTIVITIES WHERE ACTIVITYID=36
COMMIT
INSERT INTO ACTIVITIES VALUES(37,11,'Experience Night Life','21/07/2025','Ho Chi Minh, Vietnam',550.00)
COMMIT
/*C34*/DELETE FROM TRIPS WHERE TRIPID=11
INSERT INTO TRIPS VALUES(11,'Ho Chi Minh, Vietnam','01/07/2025','25/08/2025',4500.00,'Culture, street food, ancient town')
COMMIT
DELETE FROM TRIPS WHERE TRIPID=11
INSERT INTO TRIPS VALUES(11,'Ho Chi Minh, Vietnam','01/07/2025','25/08/2025',4500.00,'Culture, street food, ancient town')
COMMIT
DELETE FROM TRIPS WHERE TRIPID=11
INSERT INTO TRIPS VALUES(11,'Ho Chi Minh, Vietnam','01/07/2025','25/08/2025',6500.00,'Culture, street food, ancient town')
COMMIT
DELETE FROM TRIPS WHERE TRIPID=3
INSERT INTO TRIPS VALUES(3,'Santorini, Greece','15/09/2025','18/09/2025',1900.00,'Sunset views, volcano tour, and buggy adventure.')
COMMIT
/*C35*/DELETE FROM ACTIVITIES WHERE ACTIVITYID=34
INSERT INTO ACTIVITIES VALUES(34,11,'Discover Country','01/08/2025','Lan Ha Bay, Vietnam',1530.00)
COMMIT
